[Header]
2014-08-16 15:02:22,854 [1] INFO  Main - Starting: FM5XXX Configurator, Version: 1.1.6.11
2014-08-16 15:02:22,887 [1] DEBUG FM5XXXConfigurator.MainForm - Creating MainForm.
2014-08-16 15:02:23,172 [1] INFO  Protocol.SerialPort - Creating GpsSerialPort.
2014-08-16 15:02:23,190 [1] INFO  Protocol.SerialPort - GpsSerialPort created.
2014-08-16 15:02:23,804 [1] DEBUG FM5XXXConfigurator.MainForm - MainForm created.
2014-08-16 15:02:24,085 [1] DEBUG FM5XXXConfigurator.MainForm - Default profile loaded
2014-08-16 15:02:25,889 [5] DEBUG Protocol.SerialPort - Setting portname COM6
2014-08-16 15:02:25,909 [5] DEBUG Protocol.SerialPort - -->:.id

2014-08-16 15:02:25,910 [5] DEBUG Protocol.SerialPort - ***** WAITING FOR PING RESPONSE *****
2014-08-16 15:02:26,032 [5] DEBUG Protocol.SerialPort - ***** TryPingResponse() _buffer=ID:000007

2014-08-16 15:02:26,033 [5] DEBUG Protocol.SerialPort - ***** TryPingResponse() ping=True, processedTime.TotalMilliseconds=122 *****
2014-08-16 15:02:26,033 [5] INFO  Protocol.SerialPort - Valid response from COM6
2014-08-16 15:02:26,034 [5] DEBUG Protocol.SerialPort - -->::CFG_Connect:

2014-08-16 15:02:26,091 [5] DEBUG Protocol.SerialPort - Setting portname COM6
2014-08-16 15:02:26,128 [7] DEBUG Protocol.SerialPort - -->:.id

2014-08-16 15:02:26,128 [7] DEBUG Protocol.SerialPort - ***** WAITING FOR PING RESPONSE *****
2014-08-16 15:02:26,228 [7] DEBUG Protocol.SerialPort - ***** TryPingResponse() _buffer=ID:000007

2014-08-16 15:02:26,228 [7] DEBUG Protocol.SerialPort - ***** TryPingResponse() ping=True, processedTime.TotalMilliseconds=100 *****
2014-08-16 15:02:26,228 [7] INFO  Protocol.SerialPort - Valid response from COM6
2014-08-16 15:02:26,228 [7] DEBUG Protocol.SerialPort - -->::CFG_Connect:

2014-08-16 15:02:26,258 [1] DEBUG FM5XXXConfigurator.MainForm - Firmware Version Received: 01.06.06
2014-08-16 15:02:26,264 [7] DEBUG Protocol.SerialPort - -->:.get_hw

2014-08-16 15:02:26,285 [7] DEBUG Protocol.SerialPort - -->:.id

2014-08-16 15:02:26,285 [7] DEBUG Protocol.SerialPort - ***** WAITING FOR PING RESPONSE *****
2014-08-16 15:02:26,385 [7] DEBUG Protocol.SerialPort - ***** TryPingResponse() _buffer=ID:000007

2014-08-16 15:02:26,385 [7] DEBUG Protocol.SerialPort - ***** TryPingResponse() ping=True, processedTime.TotalMilliseconds=100 *****
2014-08-16 15:02:26,385 [7] INFO  Protocol.SerialPort - Valid response from COM6
2014-08-16 15:02:26,387 [7] DEBUG Protocol.SerialPort - -->:.flash_man

2014-08-16 15:02:29,805 [1] DEBUG Protocol.SerialPort - -->::simpin_stt:

2014-08-16 15:02:29,806 [1] DEBUG Protocol.SerialPort - -->:S:TSens_conect

2014-08-16 15:02:32,812 [1] DEBUG Protocol.SerialPort - -->::simpin_stt:

2014-08-16 15:02:32,813 [1] DEBUG Protocol.SerialPort - -->:S:TSens_conect

2014-08-16 15:02:35,825 [1] DEBUG Protocol.SerialPort - -->::simpin_stt:

2014-08-16 15:02:35,826 [1] DEBUG Protocol.SerialPort - -->:S:TSens_conect

2014-08-16 15:02:38,832 [1] DEBUG Protocol.SerialPort - -->::simpin_stt:

2014-08-16 15:02:38,833 [1] DEBUG Protocol.SerialPort - -->:S:TSens_conect

2014-08-16 15:02:41,843 [1] DEBUG Protocol.SerialPort - -->::simpin_stt:

2014-08-16 15:02:41,844 [1] DEBUG Protocol.SerialPort - -->:S:TSens_conect

2014-08-16 15:02:44,854 [1] DEBUG Protocol.SerialPort - -->::simpin_stt:

2014-08-16 15:02:44,855 [1] DEBUG Protocol.SerialPort - -->:S:TSens_conect

2014-08-16 15:02:47,863 [1] DEBUG Protocol.SerialPort - -->::simpin_stt:

2014-08-16 15:02:47,864 [1] DEBUG Protocol.SerialPort - -->:S:TSens_conect

2014-08-16 15:02:50,874 [1] DEBUG Protocol.SerialPort - -->::simpin_stt:

2014-08-16 15:02:50,875 [1] DEBUG Protocol.SerialPort - -->:S:TSens_conect

2014-08-16 15:02:53,885 [1] DEBUG Protocol.SerialPort - -->::simpin_stt:

2014-08-16 15:02:53,886 [1] DEBUG Protocol.SerialPort - -->:S:TSens_conect

2014-08-16 15:02:56,895 [1] DEBUG Protocol.SerialPort - -->::simpin_stt:

2014-08-16 15:02:56,896 [1] DEBUG Protocol.SerialPort - -->:S:TSens_conect

2014-08-16 15:02:59,910 [1] DEBUG Protocol.SerialPort - -->::simpin_stt:

2014-08-16 15:02:59,911 [1] DEBUG Protocol.SerialPort - -->:S:TSens_conect

2014-08-16 15:03:02,917 [1] DEBUG Protocol.SerialPort - -->::simpin_stt:

2014-08-16 15:03:02,918 [1] DEBUG Protocol.SerialPort - -->:S:TSens_conect

2014-08-16 15:03:05,927 [1] DEBUG Protocol.SerialPort - -->::simpin_stt:

2014-08-16 15:03:05,928 [1] DEBUG Protocol.SerialPort - -->:S:TSens_conect

2014-08-16 15:03:08,938 [1] DEBUG Protocol.SerialPort - -->::simpin_stt:

2014-08-16 15:03:08,939 [1] DEBUG Protocol.SerialPort - -->:S:TSens_conect

2014-08-16 15:03:11,949 [1] DEBUG Protocol.SerialPort - -->::simpin_stt:

2014-08-16 15:03:11,950 [1] DEBUG Protocol.SerialPort - -->:S:TSens_conect

2014-08-16 15:03:14,959 [1] DEBUG Protocol.SerialPort - -->::simpin_stt:

2014-08-16 15:03:14,960 [1] DEBUG Protocol.SerialPort - -->:S:TSens_conect

2014-08-16 15:03:17,974 [1] DEBUG Protocol.SerialPort - -->::simpin_stt:

2014-08-16 15:03:17,975 [1] DEBUG Protocol.SerialPort - -->:S:TSens_conect

2014-08-16 15:03:20,981 [1] DEBUG Protocol.SerialPort - -->::simpin_stt:

2014-08-16 15:03:20,982 [1] DEBUG Protocol.SerialPort - -->:S:TSens_conect

2014-08-16 15:03:23,992 [1] DEBUG Protocol.SerialPort - -->::simpin_stt:

2014-08-16 15:03:23,993 [1] DEBUG Protocol.SerialPort - -->:S:TSens_conect

2014-08-16 15:03:27,002 [1] DEBUG Protocol.SerialPort - -->::simpin_stt:

2014-08-16 15:03:27,003 [1] DEBUG Protocol.SerialPort - -->:S:TSens_conect

2014-08-16 15:03:30,013 [1] DEBUG Protocol.SerialPort - -->::simpin_stt:

2014-08-16 15:03:30,014 [1] DEBUG Protocol.SerialPort - -->:S:TSens_conect

2014-08-16 15:03:33,023 [1] DEBUG Protocol.SerialPort - -->::simpin_stt:

2014-08-16 15:03:33,024 [1] DEBUG Protocol.SerialPort - -->:S:TSens_conect

2014-08-16 15:03:36,038 [1] DEBUG Protocol.SerialPort - -->::simpin_stt:

2014-08-16 15:03:36,039 [1] DEBUG Protocol.SerialPort - -->:S:TSens_conect

2014-08-16 15:03:39,045 [1] DEBUG Protocol.SerialPort - -->::simpin_stt:

2014-08-16 15:03:39,046 [1] DEBUG Protocol.SerialPort - -->:S:TSens_conect

2014-08-16 15:03:42,059 [1] DEBUG Protocol.SerialPort - -->::simpin_stt:

2014-08-16 15:03:42,060 [1] DEBUG Protocol.SerialPort - -->:S:TSens_conect

2014-08-16 15:03:45,066 [1] DEBUG Protocol.SerialPort - -->::simpin_stt:

2014-08-16 15:03:45,067 [1] DEBUG Protocol.SerialPort - -->:S:TSens_conect

2014-08-16 15:03:48,077 [1] DEBUG Protocol.SerialPort - -->::simpin_stt:

2014-08-16 15:03:48,078 [1] DEBUG Protocol.SerialPort - -->:S:TSens_conect

2014-08-16 15:03:51,087 [1] DEBUG Protocol.SerialPort - -->::simpin_stt:

2014-08-16 15:03:51,088 [1] DEBUG Protocol.SerialPort - -->:S:TSens_conect

2014-08-16 15:03:54,102 [1] DEBUG Protocol.SerialPort - -->::simpin_stt:

2014-08-16 15:03:54,103 [1] DEBUG Protocol.SerialPort - -->:S:TSens_conect

2014-08-16 15:03:57,108 [1] DEBUG Protocol.SerialPort - -->::simpin_stt:

2014-08-16 15:03:57,109 [1] DEBUG Protocol.SerialPort - -->:S:TSens_conect

2014-08-16 15:04:00,119 [1] DEBUG Protocol.SerialPort - -->::simpin_stt:

2014-08-16 15:04:00,120 [1] DEBUG Protocol.SerialPort - -->:S:TSens_conect

2014-08-16 15:04:03,130 [1] DEBUG Protocol.SerialPort - -->::simpin_stt:

2014-08-16 15:04:03,131 [1] DEBUG Protocol.SerialPort - -->:S:TSens_conect

2014-08-16 15:04:06,141 [1] DEBUG Protocol.SerialPort - -->::simpin_stt:

2014-08-16 15:04:06,142 [1] DEBUG Protocol.SerialPort - -->:S:TSens_conect

2014-08-16 15:04:09,151 [1] DEBUG Protocol.SerialPort - -->::simpin_stt:

2014-08-16 15:04:09,152 [1] DEBUG Protocol.SerialPort - -->:S:TSens_conect

2014-08-16 15:04:12,166 [1] DEBUG Protocol.SerialPort - -->::simpin_stt:

2014-08-16 15:04:12,167 [1] DEBUG Protocol.SerialPort - -->:S:TSens_conect

2014-08-16 15:04:15,172 [1] DEBUG Protocol.SerialPort - -->::simpin_stt:

2014-08-16 15:04:15,173 [1] DEBUG Protocol.SerialPort - -->:S:TSens_conect

2014-08-16 15:04:18,183 [1] DEBUG Protocol.SerialPort - -->::simpin_stt:

2014-08-16 15:04:18,184 [1] DEBUG Protocol.SerialPort - -->:S:TSens_conect

2014-08-16 15:04:21,194 [1] DEBUG Protocol.SerialPort - -->::simpin_stt:

2014-08-16 15:04:21,195 [1] DEBUG Protocol.SerialPort - -->:S:TSens_conect

2014-08-16 15:04:24,204 [1] DEBUG Protocol.SerialPort - -->::simpin_stt:

2014-08-16 15:04:24,205 [1] DEBUG Protocol.SerialPort - -->:S:TSens_conect

2014-08-16 15:04:27,215 [1] DEBUG Protocol.SerialPort - -->::simpin_stt:

2014-08-16 15:04:27,216 [1] DEBUG Protocol.SerialPort - -->:S:TSens_conect

2014-08-16 15:04:30,226 [1] DEBUG Protocol.SerialPort - -->::simpin_stt:

2014-08-16 15:04:30,227 [1] DEBUG Protocol.SerialPort - -->:S:TSens_conect

2014-08-16 15:04:33,236 [1] DEBUG Protocol.SerialPort - -->::simpin_stt:

2014-08-16 15:04:33,237 [1] DEBUG Protocol.SerialPort - -->:S:TSens_conect

2014-08-16 15:04:36,248 [1] DEBUG Protocol.SerialPort - -->::simpin_stt:

2014-08-16 15:04:36,249 [1] DEBUG Protocol.SerialPort - -->:S:TSens_conect

2014-08-16 15:04:39,257 [1] DEBUG Protocol.SerialPort - -->::simpin_stt:

2014-08-16 15:04:39,258 [1] DEBUG Protocol.SerialPort - -->:S:TSens_conect

2014-08-16 15:04:42,268 [1] DEBUG Protocol.SerialPort - -->::simpin_stt:

2014-08-16 15:04:42,269 [1] DEBUG Protocol.SerialPort - -->:S:TSens_conect

2014-08-16 15:04:45,279 [1] DEBUG Protocol.SerialPort - -->::simpin_stt:

2014-08-16 15:04:45,280 [1] DEBUG Protocol.SerialPort - -->:S:TSens_conect

2014-08-16 15:04:48,290 [1] DEBUG Protocol.SerialPort - -->::simpin_stt:

2014-08-16 15:04:48,291 [1] DEBUG Protocol.SerialPort - -->:S:TSens_conect

2014-08-16 15:04:51,300 [1] DEBUG Protocol.SerialPort - -->::simpin_stt:

2014-08-16 15:04:51,301 [1] DEBUG Protocol.SerialPort - -->:S:TSens_conect

2014-08-16 15:04:54,311 [1] DEBUG Protocol.SerialPort - -->::simpin_stt:

2014-08-16 15:04:54,312 [1] DEBUG Protocol.SerialPort - -->:S:TSens_conect

2014-08-16 15:04:57,322 [1] DEBUG Protocol.SerialPort - -->::simpin_stt:

2014-08-16 15:04:57,323 [1] DEBUG Protocol.SerialPort - -->:S:TSens_conect

2014-08-16 15:05:00,336 [1] DEBUG Protocol.SerialPort - -->::simpin_stt:

2014-08-16 15:05:00,337 [1] DEBUG Protocol.SerialPort - -->:S:TSens_conect

2014-08-16 15:05:03,343 [1] DEBUG Protocol.SerialPort - -->::simpin_stt:

2014-08-16 15:05:03,344 [1] DEBUG Protocol.SerialPort - -->:S:TSens_conect

2014-08-16 15:05:06,354 [1] DEBUG Protocol.SerialPort - -->::simpin_stt:

2014-08-16 15:05:06,355 [1] DEBUG Protocol.SerialPort - -->:S:TSens_conect

2014-08-16 15:05:09,364 [1] DEBUG Protocol.SerialPort - -->::simpin_stt:

2014-08-16 15:05:09,365 [1] DEBUG Protocol.SerialPort - -->:S:TSens_conect

2014-08-16 15:05:12,375 [1] DEBUG Protocol.SerialPort - -->::simpin_stt:

2014-08-16 15:05:12,376 [1] DEBUG Protocol.SerialPort - -->:S:TSens_conect

2014-08-16 15:05:15,386 [1] DEBUG Protocol.SerialPort - -->::simpin_stt:

2014-08-16 15:05:15,387 [1] DEBUG Protocol.SerialPort - -->:S:TSens_conect

2014-08-16 15:05:18,396 [1] DEBUG Protocol.SerialPort - -->::simpin_stt:

2014-08-16 15:05:18,397 [1] DEBUG Protocol.SerialPort - -->:S:TSens_conect

2014-08-16 15:05:21,406 [1] DEBUG Protocol.SerialPort - -->::simpin_stt:

2014-08-16 15:05:21,407 [1] DEBUG Protocol.SerialPort - -->:S:TSens_conect

2014-08-16 15:05:24,417 [1] DEBUG Protocol.SerialPort - -->::simpin_stt:

2014-08-16 15:05:24,418 [1] DEBUG Protocol.SerialPort - -->:S:TSens_conect

2014-08-16 15:05:27,428 [1] DEBUG Protocol.SerialPort - -->::simpin_stt:

2014-08-16 15:05:27,429 [1] DEBUG Protocol.SerialPort - -->:S:TSens_conect

2014-08-16 15:05:30,438 [1] DEBUG Protocol.SerialPort - -->::simpin_stt:

2014-08-16 15:05:30,439 [1] DEBUG Protocol.SerialPort - -->:S:TSens_conect

2014-08-16 15:05:33,450 [1] DEBUG Protocol.SerialPort - -->::simpin_stt:

2014-08-16 15:05:33,451 [1] DEBUG Protocol.SerialPort - -->:S:TSens_conect

2014-08-16 15:05:36,464 [1] DEBUG Protocol.SerialPort - -->::simpin_stt:

2014-08-16 15:05:36,465 [1] DEBUG Protocol.SerialPort - -->:S:TSens_conect

2014-08-16 15:05:39,470 [1] DEBUG Protocol.SerialPort - -->::simpin_stt:

2014-08-16 15:05:39,471 [1] DEBUG Protocol.SerialPort - -->:S:TSens_conect

2014-08-16 15:05:42,481 [1] DEBUG Protocol.SerialPort - -->::simpin_stt:

2014-08-16 15:05:42,482 [1] DEBUG Protocol.SerialPort - -->:S:TSens_conect

2014-08-16 15:05:45,492 [1] DEBUG Protocol.SerialPort - -->::simpin_stt:

2014-08-16 15:05:45,493 [1] DEBUG Protocol.SerialPort - -->:S:TSens_conect

2014-08-16 15:05:48,502 [1] DEBUG Protocol.SerialPort - -->::simpin_stt:

2014-08-16 15:05:48,503 [1] DEBUG Protocol.SerialPort - -->:S:TSens_conect

2014-08-16 15:05:51,514 [1] DEBUG Protocol.SerialPort - -->::simpin_stt:

2014-08-16 15:05:51,515 [1] DEBUG Protocol.SerialPort - -->:S:TSens_conect

2014-08-16 15:05:54,524 [1] DEBUG Protocol.SerialPort - -->::simpin_stt:

2014-08-16 15:05:54,525 [1] DEBUG Protocol.SerialPort - -->:S:TSens_conect

2014-08-16 15:05:57,534 [1] DEBUG Protocol.SerialPort - -->::simpin_stt:

2014-08-16 15:05:57,535 [1] DEBUG Protocol.SerialPort - -->:S:TSens_conect

2014-08-16 15:06:00,545 [1] DEBUG Protocol.SerialPort - -->::simpin_stt:

2014-08-16 15:06:00,546 [1] DEBUG Protocol.SerialPort - -->:S:TSens_conect

2014-08-16 15:06:03,556 [1] DEBUG Protocol.SerialPort - -->::simpin_stt:

2014-08-16 15:06:03,557 [1] DEBUG Protocol.SerialPort - -->:S:TSens_conect

2014-08-16 15:06:06,566 [1] DEBUG Protocol.SerialPort - -->::simpin_stt:

2014-08-16 15:06:06,567 [1] DEBUG Protocol.SerialPort - -->:S:TSens_conect

2014-08-16 15:06:09,578 [1] DEBUG Protocol.SerialPort - -->::simpin_stt:

2014-08-16 15:06:09,579 [1] DEBUG Protocol.SerialPort - -->:S:TSens_conect

2014-08-16 15:06:12,588 [1] DEBUG Protocol.SerialPort - -->::simpin_stt:

2014-08-16 15:06:12,589 [1] DEBUG Protocol.SerialPort - -->:S:TSens_conect

2014-08-16 15:06:15,598 [1] DEBUG Protocol.SerialPort - -->::simpin_stt:

2014-08-16 15:06:15,599 [1] DEBUG Protocol.SerialPort - -->:S:TSens_conect

2014-08-16 15:06:18,609 [1] DEBUG Protocol.SerialPort - -->::simpin_stt:

2014-08-16 15:06:18,610 [1] DEBUG Protocol.SerialPort - -->:S:TSens_conect

2014-08-16 15:06:21,619 [1] DEBUG Protocol.SerialPort - -->::simpin_stt:

2014-08-16 15:06:21,620 [1] DEBUG Protocol.SerialPort - -->:S:TSens_conect

2014-08-16 15:06:24,634 [1] DEBUG Protocol.SerialPort - -->::simpin_stt:

2014-08-16 15:06:24,635 [1] DEBUG Protocol.SerialPort - -->:S:TSens_conect

2014-08-16 15:06:27,641 [1] DEBUG Protocol.SerialPort - -->::simpin_stt:

2014-08-16 15:06:27,642 [1] DEBUG Protocol.SerialPort - -->:S:TSens_conect

2014-08-16 15:06:30,652 [1] DEBUG Protocol.SerialPort - -->::simpin_stt:

2014-08-16 15:06:30,653 [1] DEBUG Protocol.SerialPort - -->:S:TSens_conect

2014-08-16 15:06:33,662 [1] DEBUG Protocol.SerialPort - -->::simpin_stt:

2014-08-16 15:06:33,663 [1] DEBUG Protocol.SerialPort - -->:S:TSens_conect

2014-08-16 15:06:36,673 [1] DEBUG Protocol.SerialPort - -->::simpin_stt:

2014-08-16 15:06:36,674 [1] DEBUG Protocol.SerialPort - -->:S:TSens_conect

2014-08-16 15:06:39,683 [1] DEBUG Protocol.SerialPort - -->::simpin_stt:

2014-08-16 15:06:39,684 [1] DEBUG Protocol.SerialPort - -->:S:TSens_conect

2014-08-16 15:06:42,694 [1] DEBUG Protocol.SerialPort - -->::simpin_stt:

2014-08-16 15:06:42,695 [1] DEBUG Protocol.SerialPort - -->:S:TSens_conect

[Footer]
